<?xml version="1.0" encoding="UTF-8"?>
<testsuite xmlns:xsi="http://www.w3.org/2001/XMLSchema-instance" xsi:noNamespaceSchemaLocation="https://maven.apache.org/surefire/maven-surefire-plugin/xsd/surefire-test-report-3.0.xsd" version="3.0" name="com.dealer.DealerServiceApplicationTests" time="8.669" tests="1" errors="0" skipped="0" failures="0">
  <properties>
[...]
</properties>
  <testcase name="contextLoads" classname="com.dealer.DealerServiceApplicationTests" time="0.012">
    <system-out><![CDATA[2026-02-24T16:49:20.221+05:30  INFO 2080 --- [Dealer-service] [           main] t.c.s.AnnotationConfigContextLoaderUtils : Could not detect default configuration classes for test class [com.dealer.DealerServiceApplicationTests]: DealerServiceApplicationTests does not declare any static, non-private, non-final, nested classes annotated with @Configuration.
2026-02-24T16:49:20.259+05:30  INFO 2080 --- [Dealer-service] [           main] .b.t.c.SpringBootTestContextBootstrapper : Found @SpringBootConfiguration com.dealer.DealerServiceApplication for test class com.dealer.DealerServiceApplicationTests

  .   ____          _            __ _ _
 /\\ / ___'_ __ _ _(_)_ __  __ _ \ \ \ \
( ( )\___ | '_ | '_| | '_ \/ _` | \ \ \ \
 \\/  ___)| |_)| | | | | || (_| |  ) ) ) )
  '  |____| .__|_| |_|_| |_\__, | / / / /
 =========|_|==============|___/=/_/_/_/
 :: Spring Boot ::                (v3.2.5)

2026-02-24T16:49:20.421+05:30  INFO 2080 --- [Dealer-service] [           main] c.dealer.DealerServiceApplicationTests   : Starting DealerServiceApplicationTests using Java 21.0.9 with PID 2080 (started by sathish.h in C:\Users\sathish.h\eclipse-workspace\Dealer-service)
2026-02-24T16:49:20.422+05:30  INFO 2080 --- [Dealer-service] [           main] c.dealer.DealerServiceApplicationTests   : No active profile set, falling back to 1 default profile: "default"
2026-02-24T16:49:21.775+05:30  INFO 2080 --- [Dealer-service] [           main] .s.d.r.c.RepositoryConfigurationDelegate : Bootstrapping Spring Data JPA repositories in DEFAULT mode.
2026-02-24T16:49:21.977+05:30  INFO 2080 --- [Dealer-service] [           main] .s.d.r.c.RepositoryConfigurationDelegate : Finished Spring Data repository scanning in 161 ms. Found 1 JPA repository interface.
2026-02-24T16:49:23.049+05:30  INFO 2080 --- [Dealer-service] [           main] o.hibernate.jpa.internal.util.LogHelper  : HHH000204: Processing PersistenceUnitInfo [name: default]
2026-02-24T16:49:23.282+05:30  INFO 2080 --- [Dealer-service] [           main] org.hibernate.Version                    : HHH000412: Hibernate ORM core version 6.4.4.Final
2026-02-24T16:49:23.347+05:30  INFO 2080 --- [Dealer-service] [           main] o.h.c.internal.RegionFactoryInitiator    : HHH000026: Second-level cache disabled
2026-02-24T16:49:23.532+05:30  INFO 2080 --- [Dealer-service] [           main] o.s.o.j.p.SpringPersistenceUnitInfo      : No LoadTimeWeaver setup: ignoring JPA class transformer
2026-02-24T16:49:23.589+05:30  INFO 2080 --- [Dealer-service] [           main] com.zaxxer.hikari.HikariDataSource       : HikariPool-1 - Starting...
2026-02-24T16:49:23.947+05:30  INFO 2080 --- [Dealer-service] [           main] com.zaxxer.hikari.pool.HikariPool        : HikariPool-1 - Added connection com.mysql.cj.jdbc.ConnectionImpl@43dddfdd
2026-02-24T16:49:23.952+05:30  INFO 2080 --- [Dealer-service] [           main] com.zaxxer.hikari.HikariDataSource       : HikariPool-1 - Start completed.
2026-02-24T16:49:24.048+05:30  WARN 2080 --- [Dealer-service] [           main] org.hibernate.orm.deprecation            : HHH90000025: MySQLDialect does not need to be specified explicitly using 'hibernate.dialect' (remove the property setting and it will be selected by default)
2026-02-24T16:49:26.322+05:30  INFO 2080 --- [Dealer-service] [           main] o.h.e.t.j.p.i.JtaPlatformInitiator       : HHH000489: No JTA platform available (set 'hibernate.transaction.jta.platform' to enable JTA platform integration)
2026-02-24T16:49:26.480+05:30  INFO 2080 --- [Dealer-service] [           main] j.LocalContainerEntityManagerFactoryBean : Initialized JPA EntityManagerFactory for persistence unit 'default'
2026-02-24T16:49:27.780+05:30  WARN 2080 --- [Dealer-service] [           main] JpaBaseConfiguration$JpaWebConfiguration : spring.jpa.open-in-view is enabled by default. Therefore, database queries may be performed during view rendering. Explicitly configure spring.jpa.open-in-view to disable this warning
2026-02-24T16:49:28.137+05:30  INFO 2080 --- [Dealer-service] [           main] o.s.s.web.DefaultSecurityFilterChain     : Will secure any request with [org.springframework.security.web.session.DisableEncodeUrlFilter@632a7680, org.springframework.security.web.context.request.async.WebAsyncManagerIntegrationFilter@66e5441e, org.springframework.security.web.context.SecurityContextHolderFilter@77d03738, org.springframework.security.web.header.HeaderWriterFilter@50c462b8, org.springframework.web.filter.CorsFilter@1df77353, org.springframework.security.web.authentication.logout.LogoutFilter@31fc1b6e, org.springframework.security.web.authentication.UsernamePasswordAuthenticationFilter@25bbca43, org.springframework.security.web.authentication.ui.DefaultLoginPageGeneratingFilter@7fb02869, org.springframework.security.web.authentication.ui.DefaultLogoutPageGeneratingFilter@535b016, org.springframework.security.web.authentication.www.BasicAuthenticationFilter@74cd82f1, org.springframework.security.web.savedrequest.RequestCacheAwareFilter@566dc0c3, org.springframework.security.web.servletapi.SecurityContextHolderAwareRequestFilter@c925ae1, org.springframework.security.web.authentication.AnonymousAuthenticationFilter@359b4846, org.springframework.security.web.access.ExceptionTranslationFilter@258ff54a, org.springframework.security.web.access.intercept.AuthorizationFilter@51aa8c0f]
2026-02-24T16:49:28.859+05:30  INFO 2080 --- [Dealer-service] [           main] c.dealer.DealerServiceApplicationTests   : Started DealerServiceApplicationTests in 8.58 seconds (process running for 24.444)
]]></system-out>
  </testcase>
</testsuite>